This file contains any messages produced by compilers while
running configure, to aid debugging if configure makes a mistake.

It was created by Gst-RTSP configure 0.10.8, which was
generated by GNU Autoconf 2.67.  Invocation command line was

  $ ./configure 

## --------- ##
## Platform. ##
## --------- ##

hostname = raspberrypi
uname -m = armv7l
uname -r = 3.18.11-v7+
uname -s = Linux
uname -v = #781 SMP PREEMPT Tue Apr 21 18:07:59 BST 2015

/usr/bin/uname -p = unknown
/bin/uname -X     = unknown

/bin/arch              = unknown
/usr/bin/arch -k       = unknown
/usr/convex/getsysinfo = unknown
/usr/bin/hostinfo      = unknown
/bin/machine           = unknown
/usr/bin/oslevel       = unknown
/bin/universe          = unknown

PATH: /usr/local/sbin
PATH: /usr/local/bin
PATH: /usr/sbin
PATH: /usr/bin
PATH: /sbin
PATH: /bin
PATH: /usr/local/games
PATH: /usr/games


## ----------- ##
## Core tests. ##
## ----------- ##

configure:2527: checking for a BSD-compatible install
configure:2595: result: /usr/bin/install -c
configure:2606: checking whether build environment is sane
configure:2656: result: yes
configure:2797: checking for a thread-safe mkdir -p
configure:2836: result: /bin/mkdir -p
configure:2849: checking for gawk
configure:2879: result: no
configure:2849: checking for mawk
configure:2865: found /usr/bin/mawk
configure:2876: result: mawk
configure:2887: checking whether make sets $(MAKE)
configure:2909: result: yes
configure:3001: checking nano version
configure:3007: result: 0 (release)
configure:3033: checking whether to enable maintainer-specific portions of Makefiles
configure:3042: result: no
configure:3060: checking build system type
configure:3074: result: armv7l-unknown-linux-gnueabi
configure:3094: checking host system type
configure:3107: result: armv7l-unknown-linux-gnueabi
configure:3182: checking for style of include used by make
configure:3210: result: GNU
configure:3280: checking for gcc
configure:3296: found /usr/bin/gcc
configure:3307: result: gcc
configure:3536: checking for C compiler version
configure:3545: gcc --version >&5
gcc (Debian 4.6.3-14+rpi1) 4.6.3
Copyright (C) 2011 Free Software Foundation, Inc.
This is free software; see the source for copying conditions.  There is NO
warranty; not even for MERCHANTABILITY or FITNESS FOR A PARTICULAR PURPOSE.

configure:3556: $? = 0
configure:3545: gcc -v >&5
Using built-in specs.
COLLECT_GCC=gcc
COLLECT_LTO_WRAPPER=/usr/lib/gcc/arm-linux-gnueabihf/4.6/lto-wrapper
Target: arm-linux-gnueabihf
Configured with: ../src/configure -v --with-pkgversion='Debian 4.6.3-14+rpi1' --with-bugurl=file:///usr/share/doc/gcc-4.6/README.Bugs --enable-languages=c,c++,fortran,objc,obj-c++ --prefix=/usr --program-suffix=-4.6 --enable-shared --enable-linker-build-id --with-system-zlib --libexecdir=/usr/lib --without-included-gettext --enable-threads=posix --with-gxx-include-dir=/usr/include/c++/4.6 --libdir=/usr/lib --enable-nls --with-sysroot=/ --enable-clocale=gnu --enable-libstdcxx-debug --enable-libstdcxx-time=yes --enable-gnu-unique-object --enable-plugin --enable-objc-gc --disable-sjlj-exceptions --with-arch=armv6 --with-fpu=vfp --with-float=hard --enable-checking=release --build=arm-linux-gnueabihf --host=arm-linux-gnueabihf --target=arm-linux-gnueabihf
Thread model: posix
gcc version 4.6.3 (Debian 4.6.3-14+rpi1) 
configure:3556: $? = 0
configure:3545: gcc -V >&5
gcc: error: unrecognized option '-V'
gcc: fatal error: no input files
compilation terminated.
configure:3556: $? = 4
configure:3545: gcc -qversion >&5
gcc: error: unrecognized option '-qversion'
gcc: fatal error: no input files
compilation terminated.
configure:3556: $? = 4
configure:3576: checking whether the C compiler works
configure:3598: gcc    conftest.c  >&5
configure:3602: $? = 0
configure:3650: result: yes
configure:3653: checking for C compiler default output file name
configure:3655: result: a.out
configure:3661: checking for suffix of executables
configure:3668: gcc -o conftest    conftest.c  >&5
configure:3672: $? = 0
configure:3694: result: 
configure:3716: checking whether we are cross compiling
configure:3724: gcc -o conftest    conftest.c  >&5
configure:3728: $? = 0
configure:3735: ./conftest
configure:3739: $? = 0
configure:3754: result: no
configure:3759: checking for suffix of object files
configure:3781: gcc -c   conftest.c >&5
configure:3785: $? = 0
configure:3806: result: o
configure:3810: checking whether we are using the GNU C compiler
configure:3829: gcc -c   conftest.c >&5
configure:3829: $? = 0
configure:3838: result: yes
configure:3847: checking whether gcc accepts -g
configure:3867: gcc -c -g  conftest.c >&5
configure:3867: $? = 0
configure:3908: result: yes
configure:3925: checking for gcc option to accept ISO C89
configure:3989: gcc  -c -g -O2  conftest.c >&5
configure:3989: $? = 0
configure:4002: result: none needed
configure:4024: checking dependency style of gcc
configure:4134: result: gcc3
configure:4149: checking for a sed that does not truncate output
configure:4213: result: /bin/sed
configure:4231: checking for grep that handles long lines and -e
configure:4289: result: /bin/grep
configure:4294: checking for egrep
configure:4356: result: /bin/grep -E
configure:4361: checking for fgrep
configure:4423: result: /bin/grep -F
configure:4458: checking for ld used by gcc
configure:4525: result: /usr/bin/ld
configure:4532: checking if the linker (/usr/bin/ld) is GNU ld
configure:4547: result: yes
configure:4559: checking for BSD- or MS-compatible name lister (nm)
configure:4608: result: /usr/bin/nm -B
configure:4726: checking the name lister (/usr/bin/nm -B) interface
configure:4733: gcc -c -g -O2  conftest.c >&5
configure:4736: /usr/bin/nm -B "conftest.o"
configure:4739: output
00000000 B some_variable
configure:4746: result: BSD nm
configure:4749: checking whether ln -s works
configure:4753: result: yes
configure:4761: checking the maximum length of command line arguments
configure:4881: result: 1572864
configure:4898: checking whether the shell understands some XSI constructs
configure:4908: result: yes
configure:4912: checking whether the shell understands "+="
configure:4918: result: yes
configure:4953: checking for /usr/bin/ld option to reload object files
configure:4960: result: -r
configure:5029: checking for objdump
configure:5045: found /usr/bin/objdump
configure:5056: result: objdump
configure:5088: checking how to recognize dependent libraries
configure:5284: result: pass_all
configure:5344: checking for ar
configure:5360: found /usr/bin/ar
configure:5371: result: ar
configure:5449: checking for strip
configure:5465: found /usr/bin/strip
configure:5476: result: strip
configure:5548: checking for ranlib
configure:5564: found /usr/bin/ranlib
configure:5575: result: ranlib
configure:5665: checking command to parse /usr/bin/nm -B output from gcc object
configure:5783: gcc -c -g -O2  conftest.c >&5
configure:5786: $? = 0
configure:5790: /usr/bin/nm -B conftest.o \| sed -n -e 's/^.*[	 ]\([ABCDGIRSTW][ABCDGIRSTW]*\)[	 ][	 ]*\([_A-Za-z][_A-Za-z0-9]*\)$/\1 \2 \2/p' \> conftest.nm
configure:5793: $? = 0
configure:5847: gcc -o conftest -g -O2   conftest.c conftstm.o >&5
configure:5850: $? = 0
configure:5888: result: ok
configure:6697: checking how to run the C preprocessor
configure:6728: gcc -E  conftest.c
configure:6728: $? = 0
configure:6742: gcc -E  conftest.c
conftest.c:11:28: fatal error: ac_nonexistent.h: No such file or directory
compilation terminated.
configure:6742: $? = 1
configure: failed program was:
| /* confdefs.h */
| #define PACKAGE_NAME "Gst-RTSP"
| #define PACKAGE_TARNAME "gst-rtsp"
| #define PACKAGE_VERSION "0.10.8"
| #define PACKAGE_STRING "Gst-RTSP 0.10.8"
| #define PACKAGE_BUGREPORT "http://bugzilla.gnome.org/enter_bug.cgi?product=GStreamer"
| #define PACKAGE_URL ""
| #define PACKAGE "gst-rtsp"
| #define VERSION "0.10.8"
| /* end confdefs.h.  */
| #include <ac_nonexistent.h>
configure:6767: result: gcc -E
configure:6787: gcc -E  conftest.c
configure:6787: $? = 0
configure:6801: gcc -E  conftest.c
conftest.c:11:28: fatal error: ac_nonexistent.h: No such file or directory
compilation terminated.
configure:6801: $? = 1
configure: failed program was:
| /* confdefs.h */
| #define PACKAGE_NAME "Gst-RTSP"
| #define PACKAGE_TARNAME "gst-rtsp"
| #define PACKAGE_VERSION "0.10.8"
| #define PACKAGE_STRING "Gst-RTSP 0.10.8"
| #define PACKAGE_BUGREPORT "http://bugzilla.gnome.org/enter_bug.cgi?product=GStreamer"
| #define PACKAGE_URL ""
| #define PACKAGE "gst-rtsp"
| #define VERSION "0.10.8"
| /* end confdefs.h.  */
| #include <ac_nonexistent.h>
configure:6830: checking for ANSI C header files
configure:6850: gcc -c -g -O2  conftest.c >&5
configure:6850: $? = 0
configure:6923: gcc -o conftest -g -O2   conftest.c  >&5
configure:6923: $? = 0
configure:6923: ./conftest
configure:6923: $? = 0
configure:6934: result: yes
configure:6947: checking for sys/types.h
configure:6947: gcc -c -g -O2  conftest.c >&5
configure:6947: $? = 0
configure:6947: result: yes
configure:6947: checking for sys/stat.h
configure:6947: gcc -c -g -O2  conftest.c >&5
configure:6947: $? = 0
configure:6947: result: yes
configure:6947: checking for stdlib.h
configure:6947: gcc -c -g -O2  conftest.c >&5
configure:6947: $? = 0
configure:6947: result: yes
configure:6947: checking for string.h
configure:6947: gcc -c -g -O2  conftest.c >&5
configure:6947: $? = 0
configure:6947: result: yes
configure:6947: checking for memory.h
configure:6947: gcc -c -g -O2  conftest.c >&5
configure:6947: $? = 0
configure:6947: result: yes
configure:6947: checking for strings.h
configure:6947: gcc -c -g -O2  conftest.c >&5
configure:6947: $? = 0
configure:6947: result: yes
configure:6947: checking for inttypes.h
configure:6947: gcc -c -g -O2  conftest.c >&5
configure:6947: $? = 0
configure:6947: result: yes
configure:6947: checking for stdint.h
configure:6947: gcc -c -g -O2  conftest.c >&5
configure:6947: $? = 0
configure:6947: result: yes
configure:6947: checking for unistd.h
configure:6947: gcc -c -g -O2  conftest.c >&5
configure:6947: $? = 0
configure:6947: result: yes
configure:6961: checking for dlfcn.h
configure:6961: gcc -c -g -O2  conftest.c >&5
configure:6961: $? = 0
configure:6961: result: yes
configure:7145: checking for objdir
configure:7160: result: .libs
configure:7456: checking if gcc supports -fno-rtti -fno-exceptions
configure:7474: gcc -c -g -O2  -fno-rtti -fno-exceptions conftest.c >&5
cc1: warning: command line option '-fno-rtti' is valid for C++/ObjC++ but not for C [enabled by default]
configure:7478: $? = 0
configure:7491: result: no
configure:7511: checking for gcc option to produce PIC
configure:7783: result: -fPIC -DPIC
configure:7795: checking if gcc PIC flag -fPIC -DPIC works
configure:7813: gcc -c -g -O2  -fPIC -DPIC -DPIC conftest.c >&5
configure:7817: $? = 0
configure:7830: result: yes
configure:7854: checking if gcc static flag -static works
configure:7882: result: yes
configure:7897: checking if gcc supports -c -o file.o
configure:7918: gcc -c -g -O2  -o out/conftest2.o conftest.c >&5
configure:7922: $? = 0
configure:7944: result: yes
configure:7952: checking if gcc supports -c -o file.o
configure:7999: result: yes
configure:8032: checking whether the gcc linker (/usr/bin/ld) supports shared libraries
configure:9023: result: yes
configure:9060: checking whether -lc should be explicitly linked in
configure:9065: gcc -c -g -O2  conftest.c >&5
configure:9068: $? = 0
configure:9083: gcc -shared conftest.o  -v -Wl,-soname -Wl,conftest -o conftest 2\>\&1 \| /bin/grep  -lc  \>/dev/null 2\>\&1
configure:9086: $? = 0
configure:9098: result: no
configure:9262: checking dynamic linker characteristics
configure:9695: gcc -o conftest -g -O2   -Wl,-rpath -Wl,/foo conftest.c  >&5
configure:9695: $? = 0
configure:9925: result: GNU/Linux ld.so
configure:10027: checking how to hardcode library paths into programs
configure:10052: result: immediate
configure:10572: checking whether stripping libraries is possible
configure:10577: result: yes
configure:10612: checking if libtool supports shared libraries
configure:10614: result: yes
configure:10617: checking whether to build shared libraries
configure:10638: result: yes
configure:10641: checking whether to build static libraries
configure:10645: result: yes
configure:10749: checking whether NLS is requested
configure:10758: result: yes
configure:10799: checking for msgfmt
configure: trying /usr/bin/msgfmt...
0 translated messages.
configure:10831: result: /usr/bin/msgfmt
configure:10840: checking for gmsgfmt
configure:10871: result: /usr/bin/msgfmt
configure:10922: checking for xgettext
configure: trying /usr/bin/xgettext...
/usr/bin/xgettext: warning: file `/dev/null' extension `' is unknown; will try C
configure:10954: result: /usr/bin/xgettext
configure:11000: checking for msgmerge
configure: trying /usr/bin/msgmerge...
configure:11031: result: /usr/bin/msgmerge
configure:11088: checking for ld used by GCC
configure:11152: result: /usr/bin/ld
configure:11159: checking if the linker (/usr/bin/ld) is GNU ld
configure:11172: result: yes
configure:11179: checking for shared library run path origin
configure:11192: result: done
configure:11693: checking for CFPreferencesCopyAppValue
configure:11711: gcc -o conftest -g -O2   conftest.c  -Wl,-framework -Wl,CoreFoundation >&5
conftest.c:23:42: fatal error: CoreFoundation/CFPreferences.h: No such file or directory
compilation terminated.
configure:11711: $? = 1
configure: failed program was:
| /* confdefs.h */
| #define PACKAGE_NAME "Gst-RTSP"
| #define PACKAGE_TARNAME "gst-rtsp"
| #define PACKAGE_VERSION "0.10.8"
| #define PACKAGE_STRING "Gst-RTSP 0.10.8"
| #define PACKAGE_BUGREPORT "http://bugzilla.gnome.org/enter_bug.cgi?product=GStreamer"
| #define PACKAGE_URL ""
| #define PACKAGE "gst-rtsp"
| #define VERSION "0.10.8"
| #define STDC_HEADERS 1
| #define HAVE_SYS_TYPES_H 1
| #define HAVE_SYS_STAT_H 1
| #define HAVE_STDLIB_H 1
| #define HAVE_STRING_H 1
| #define HAVE_MEMORY_H 1
| #define HAVE_STRINGS_H 1
| #define HAVE_INTTYPES_H 1
| #define HAVE_STDINT_H 1
| #define HAVE_UNISTD_H 1
| #define HAVE_DLFCN_H 1
| #define LT_OBJDIR ".libs/"
| /* end confdefs.h.  */
| #include <CoreFoundation/CFPreferences.h>
| int
| main ()
| {
| CFPreferencesCopyAppValue(NULL, NULL)
|   ;
|   return 0;
| }
configure:11720: result: no
configure:11727: checking for CFLocaleCopyCurrent
configure:11745: gcc -o conftest -g -O2   conftest.c  -Wl,-framework -Wl,CoreFoundation >&5
conftest.c:23:37: fatal error: CoreFoundation/CFLocale.h: No such file or directory
compilation terminated.
configure:11745: $? = 1
configure: failed program was:
| /* confdefs.h */
| #define PACKAGE_NAME "Gst-RTSP"
| #define PACKAGE_TARNAME "gst-rtsp"
| #define PACKAGE_VERSION "0.10.8"
| #define PACKAGE_STRING "Gst-RTSP 0.10.8"
| #define PACKAGE_BUGREPORT "http://bugzilla.gnome.org/enter_bug.cgi?product=GStreamer"
| #define PACKAGE_URL ""
| #define PACKAGE "gst-rtsp"
| #define VERSION "0.10.8"
| #define STDC_HEADERS 1
| #define HAVE_SYS_TYPES_H 1
| #define HAVE_SYS_STAT_H 1
| #define HAVE_STDLIB_H 1
| #define HAVE_STRING_H 1
| #define HAVE_MEMORY_H 1
| #define HAVE_STRINGS_H 1
| #define HAVE_INTTYPES_H 1
| #define HAVE_STDINT_H 1
| #define HAVE_UNISTD_H 1
| #define HAVE_DLFCN_H 1
| #define LT_OBJDIR ".libs/"
| /* end confdefs.h.  */
| #include <CoreFoundation/CFLocale.h>
| int
| main ()
| {
| CFLocaleCopyCurrent();
|   ;
|   return 0;
| }
configure:11754: result: no
configure:11803: checking for GNU gettext in libc
configure:11823: gcc -o conftest -g -O2   conftest.c  >&5
configure:11823: $? = 0
configure:11832: result: yes
configure:12578: checking whether to use NLS
configure:12580: result: yes
configure:12583: checking where the gettext function comes from
configure:12594: result: libc
configure:12763: checking for pkg-config
configure:12781: found /usr/bin/pkg-config
configure:12793: result: /usr/bin/pkg-config
configure:12818: checking pkg-config is at least version 0.9.0
configure:12821: result: yes
configure:12847: checking for VALGRIND
configure:12855: $PKG_CONFIG --exists --print-errors "valgrind >= $VALGRIND_REQ"
Package valgrind was not found in the pkg-config search path.
Perhaps you should add the directory containing `valgrind.pc'
to the PKG_CONFIG_PATH environment variable
No package 'valgrind' found
configure:12858: $? = 1
configure:12873: $PKG_CONFIG --exists --print-errors "valgrind >= $VALGRIND_REQ"
Package valgrind was not found in the pkg-config search path.
Perhaps you should add the directory containing `valgrind.pc'
to the PKG_CONFIG_PATH environment variable
No package 'valgrind' found
configure:12876: $? = 1
No package 'valgrind' found
configure:12904: result: no
configure:12908: result: no
configure:13089: Using Gst-RTSP source release as package name
configure:13113: Using Unknown package origin as package origin
configure:13129: Using GST_PKG_CONFIG_PATH = $(top_builddir)/pkgconfig
configure:13184: checking for gcc
configure:13211: result: gcc
configure:13440: checking for C compiler version
configure:13449: gcc --version >&5
gcc (Debian 4.6.3-14+rpi1) 4.6.3
Copyright (C) 2011 Free Software Foundation, Inc.
This is free software; see the source for copying conditions.  There is NO
warranty; not even for MERCHANTABILITY or FITNESS FOR A PARTICULAR PURPOSE.

configure:13460: $? = 0
configure:13449: gcc -v >&5
Using built-in specs.
COLLECT_GCC=gcc
COLLECT_LTO_WRAPPER=/usr/lib/gcc/arm-linux-gnueabihf/4.6/lto-wrapper
Target: arm-linux-gnueabihf
Configured with: ../src/configure -v --with-pkgversion='Debian 4.6.3-14+rpi1' --with-bugurl=file:///usr/share/doc/gcc-4.6/README.Bugs --enable-languages=c,c++,fortran,objc,obj-c++ --prefix=/usr --program-suffix=-4.6 --enable-shared --enable-linker-build-id --with-system-zlib --libexecdir=/usr/lib --without-included-gettext --enable-threads=posix --with-gxx-include-dir=/usr/include/c++/4.6 --libdir=/usr/lib --enable-nls --with-sysroot=/ --enable-clocale=gnu --enable-libstdcxx-debug --enable-libstdcxx-time=yes --enable-gnu-unique-object --enable-plugin --enable-objc-gc --disable-sjlj-exceptions --with-arch=armv6 --with-fpu=vfp --with-float=hard --enable-checking=release --build=arm-linux-gnueabihf --host=arm-linux-gnueabihf --target=arm-linux-gnueabihf
Thread model: posix
gcc version 4.6.3 (Debian 4.6.3-14+rpi1) 
configure:13460: $? = 0
configure:13449: gcc -V >&5
gcc: error: unrecognized option '-V'
gcc: fatal error: no input files
compilation terminated.
configure:13460: $? = 4
configure:13449: gcc -qversion >&5
gcc: error: unrecognized option '-qversion'
gcc: fatal error: no input files
compilation terminated.
configure:13460: $? = 4
configure:13464: checking whether we are using the GNU C compiler
configure:13492: result: yes
configure:13501: checking whether gcc accepts -g
configure:13562: result: yes
configure:13579: checking for gcc option to accept ISO C89
configure:13656: result: none needed
configure:13678: checking dependency style of gcc
configure:13788: result: gcc3
configure:13804: checking whether gcc and cc understand -c and -o together
configure:13835: gcc -c conftest.c -o conftest2.o >&5
configure:13839: $? = 0
configure:13845: gcc -c conftest.c -o conftest2.o >&5
configure:13849: $? = 0
configure:13860: cc -c conftest.c >&5
configure:13864: $? = 0
configure:13872: cc -c conftest.c -o conftest2.o >&5
configure:13876: $? = 0
configure:13882: cc -c conftest.c -o conftest2.o >&5
configure:13886: $? = 0
configure:13904: result: yes
configure:13932: checking for valgrind
configure:13963: result: no
configure:13991: checking for gobject-introspection
configure:14022: $PKG_CONFIG --exists --print-errors "gobject-introspection-1.0 >= 0.6.3"
Package gobject-introspection-1.0 was not found in the pkg-config search path.
Perhaps you should add the directory containing `gobject-introspection-1.0.pc'
to the PKG_CONFIG_PATH environment variable
No package 'gobject-introspection-1.0' found
configure:14025: $? = 1
configure:14036: result: no
configure:14808: checking whether to build gtk-doc documentation
configure:14810: result: no
configure:14817: checking for gtkdoc-check
configure:14850: result: no
configure:14887: checking for python
configure:14905: found /usr/bin/python
configure:14917: result: /usr/bin/python
configure:14938: checking for python version
configure:14945: result: 2.7
configure:14957: checking for python platform
configure:14964: result: linux2
configure:14971: checking for python script directory
configure:15000: result: ${prefix}/lib/python2.7/dist-packages
configure:15009: checking for python extension module directory
configure:15038: result: ${exec_prefix}/lib/python2.7/dist-packages
configure:15051: checking for python >= 2.3
configure:15063: result: okay
configure:15072: checking for headers required to compile python extensions
configure:15091: gcc -E  -I/usr/include/python2.7 conftest.c
conftest.c:30:20: fatal error: Python.h: No such file or directory
compilation terminated.
configure:15091: $? = 1
configure: failed program was:
| /* confdefs.h */
| #define PACKAGE_NAME "Gst-RTSP"
| #define PACKAGE_TARNAME "gst-rtsp"
| #define PACKAGE_VERSION "0.10.8"
| #define PACKAGE_STRING "Gst-RTSP 0.10.8"
| #define PACKAGE_BUGREPORT "http://bugzilla.gnome.org/enter_bug.cgi?product=GStreamer"
| #define PACKAGE_URL ""
| #define PACKAGE "gst-rtsp"
| #define VERSION "0.10.8"
| #define STDC_HEADERS 1
| #define HAVE_SYS_TYPES_H 1
| #define HAVE_SYS_STAT_H 1
| #define HAVE_STDLIB_H 1
| #define HAVE_STRING_H 1
| #define HAVE_MEMORY_H 1
| #define HAVE_STRINGS_H 1
| #define HAVE_INTTYPES_H 1
| #define HAVE_STDINT_H 1
| #define HAVE_UNISTD_H 1
| #define HAVE_DLFCN_H 1
| #define LT_OBJDIR ".libs/"
| #define ENABLE_NLS 1
| #define HAVE_GETTEXT 1
| #define HAVE_DCGETTEXT 1
| #define GETTEXT_PACKAGE "gstreamer-0.10"
| #define LOCALEDIR "/usr/local/share/locale"
| #define GST_PACKAGE_NAME "Gst-RTSP source release"
| #define GST_PACKAGE_ORIGIN "Unknown package origin"
| /* end confdefs.h.  */
| #include <Python.h>
configure:15096: result: not found
configure:15106: checking for PYGOBJECT
configure:15114: $PKG_CONFIG --exists --print-errors "pygobject-2.0 >= $PYGOBJECT_REQ"
Comparison operator but no version after package name 'pygobject-2.0' in file '(command line arguments)'
configure:15117: $? = 1
configure:15132: $PKG_CONFIG --exists --print-errors "pygobject-2.0 >= $PYGOBJECT_REQ"
Comparison operator but no version after package name 'pygobject-2.0' in file '(command line arguments)'
configure:15135: $? = 1
Comparison operator but no version after package name 'pygobject-2.0' in file '(command line arguments)'
configure:15163: result: no
configure:15181: checking for PYGST
configure:15189: $PKG_CONFIG --exists --print-errors "gst-python-0.10"
Package gst-python-0.10 was not found in the pkg-config search path.
Perhaps you should add the directory containing `gst-python-0.10.pc'
to the PKG_CONFIG_PATH environment variable
No package 'gst-python-0.10' found
configure:15192: $? = 1
configure:15207: $PKG_CONFIG --exists --print-errors "gst-python-0.10"
Package gst-python-0.10 was not found in the pkg-config search path.
Perhaps you should add the directory containing `gst-python-0.10.pc'
to the PKG_CONFIG_PATH environment variable
No package 'gst-python-0.10' found
configure:15210: $? = 1
No package 'gst-python-0.10' found
configure:15238: result: no
configure:15321: checking for GLIB
configure:15329: $PKG_CONFIG --exists --print-errors "$which"
configure:15332: $? = 0
configure:15347: $PKG_CONFIG --exists --print-errors "$which"
configure:15350: $? = 0
configure:15402: result: yes
configure:15481: checking for GST
configure:15489: $PKG_CONFIG --exists --print-errors "$module >= $minver"
configure:15492: $? = 0
configure:15507: $PKG_CONFIG --exists --print-errors "$module >= $minver"
configure:15510: $? = 0
configure:15566: result: yes
configure:15580: using GStreamer tools in /usr/bin
configure:15590: using GStreamer plug-ins in /usr/lib/arm-linux-gnueabihf/gstreamer-0.10
configure:15603: Using GStreamer Core Plugins in /usr/lib/arm-linux-gnueabihf/gstreamer-0.10
configure:15614: checking for GST_BASE
configure:15622: $PKG_CONFIG --exists --print-errors "$module >= $minver"
configure:15625: $? = 0
configure:15640: $PKG_CONFIG --exists --print-errors "$module >= $minver"
configure:15643: $? = 0
configure:15699: result: yes
configure:15717: checking for GST_PLUGINS_BASE
configure:15725: $PKG_CONFIG --exists --print-errors "$module >= $minver"
configure:15728: $? = 0
configure:15743: $PKG_CONFIG --exists --print-errors "$module >= $minver"
configure:15746: $? = 0
configure:15802: result: yes
configure:15818: using GStreamer Base Plugins in /usr/lib/arm-linux-gnueabihf/gstreamer-0.10
configure:15827: Using GStreamer Base Plugins in /usr/lib/arm-linux-gnueabihf/gstreamer-0.10
configure:15838: checking for GST_CHECK
configure:15846: $PKG_CONFIG --exists --print-errors "$module >= $minver"
configure:15849: $? = 0
configure:15864: $PKG_CONFIG --exists --print-errors "$module >= $minver"
configure:15867: $? = 0
configure:15923: result: yes
configure:15979: checking for check named check_pic  - version >= 0.9.2
configure:16042: gcc -o conftest -g -O2    conftest.c  -lcheck_pic  >&5
conftest.c:34:19: fatal error: check.h: No such file or directory
compilation terminated.
configure:16042: $? = 1
configure: program exited with status 1
configure: failed program was:
| /* confdefs.h */
| #define PACKAGE_NAME "Gst-RTSP"
| #define PACKAGE_TARNAME "gst-rtsp"
| #define PACKAGE_VERSION "0.10.8"
| #define PACKAGE_STRING "Gst-RTSP 0.10.8"
| #define PACKAGE_BUGREPORT "http://bugzilla.gnome.org/enter_bug.cgi?product=GStreamer"
| #define PACKAGE_URL ""
| #define PACKAGE "gst-rtsp"
| #define VERSION "0.10.8"
| #define STDC_HEADERS 1
| #define HAVE_SYS_TYPES_H 1
| #define HAVE_SYS_STAT_H 1
| #define HAVE_STDLIB_H 1
| #define HAVE_STRING_H 1
| #define HAVE_MEMORY_H 1
| #define HAVE_STRINGS_H 1
| #define HAVE_INTTYPES_H 1
| #define HAVE_STDINT_H 1
| #define HAVE_UNISTD_H 1
| #define HAVE_DLFCN_H 1
| #define LT_OBJDIR ".libs/"
| #define ENABLE_NLS 1
| #define HAVE_GETTEXT 1
| #define HAVE_DCGETTEXT 1
| #define GETTEXT_PACKAGE "gstreamer-0.10"
| #define LOCALEDIR "/usr/local/share/locale"
| #define GST_PACKAGE_NAME "Gst-RTSP source release"
| #define GST_PACKAGE_ORIGIN "Unknown package origin"
| /* end confdefs.h.  */
| 
| #include <stdio.h>
| #include <stdlib.h>
| 
| #include <check.h>
| 
| int main ()
| {
|   int major, minor, micro;
|   char *tmp_version;
| 
|   system ("touch conf.check-test");
| 
|   /* HP/UX 9 (%@#!) writes to sscanf strings */
|   tmp_version = strdup("0.9.2");
|   if (sscanf(tmp_version, "%d.%d.%d", &major, &minor, &micro) != 3) {
|      printf("%s, bad version string\n", "0.9.2");
|      return 1;
|    }
| 
|   if ((CHECK_MAJOR_VERSION != check_major_version) ||
|       (CHECK_MINOR_VERSION != check_minor_version) ||
|       (CHECK_MICRO_VERSION != check_micro_version))
|     {
|       printf("\n*** The check header file (version %d.%d.%d) does not match\n",
| 	     CHECK_MAJOR_VERSION, CHECK_MINOR_VERSION, CHECK_MICRO_VERSION);
|       printf("*** the check library (version %d.%d.%d).\n",
| 	     check_major_version, check_minor_version, check_micro_version);
|       return 1;
|     }
| 
|   if ((check_major_version > major) ||
|       ((check_major_version == major) && (check_minor_version > minor)) ||
|       ((check_major_version == major) && (check_minor_version == minor) && (check_micro_version >= micro)))
|     {
|       return 0;
|     }
|   else
|     {
|       printf("\n*** An old version of check (%d.%d.%d) was found.\n",
|              check_major_version, check_minor_version, check_micro_version);
|       printf("*** You need a version of check being at least %d.%d.%d.\n", major, minor, micro);
|       printf("***\n");
|       printf("*** If you have already installed a sufficiently new version, this error\n");
|       printf("*** probably means that the wrong copy of the check library and header\n");
|       printf("*** file is being found. Rerun configure with the --with-check=PATH option\n");
|       printf("*** to specify the prefix where the correct version was installed.\n");
|     }
| 
|   return 1;
| }
| 
configure:16060: result: no
configure:16084: gcc -o conftest -g -O2    conftest.c  -lcheck_pic  >&5
conftest.c:34:19: fatal error: check.h: No such file or directory
compilation terminated.
configure:16084: $? = 1
configure: failed program was:
| /* confdefs.h */
| #define PACKAGE_NAME "Gst-RTSP"
| #define PACKAGE_TARNAME "gst-rtsp"
| #define PACKAGE_VERSION "0.10.8"
| #define PACKAGE_STRING "Gst-RTSP 0.10.8"
| #define PACKAGE_BUGREPORT "http://bugzilla.gnome.org/enter_bug.cgi?product=GStreamer"
| #define PACKAGE_URL ""
| #define PACKAGE "gst-rtsp"
| #define VERSION "0.10.8"
| #define STDC_HEADERS 1
| #define HAVE_SYS_TYPES_H 1
| #define HAVE_SYS_STAT_H 1
| #define HAVE_STDLIB_H 1
| #define HAVE_STRING_H 1
| #define HAVE_MEMORY_H 1
| #define HAVE_STRINGS_H 1
| #define HAVE_INTTYPES_H 1
| #define HAVE_STDINT_H 1
| #define HAVE_UNISTD_H 1
| #define HAVE_DLFCN_H 1
| #define LT_OBJDIR ".libs/"
| #define ENABLE_NLS 1
| #define HAVE_GETTEXT 1
| #define HAVE_DCGETTEXT 1
| #define GETTEXT_PACKAGE "gstreamer-0.10"
| #define LOCALEDIR "/usr/local/share/locale"
| #define GST_PACKAGE_NAME "Gst-RTSP source release"
| #define GST_PACKAGE_ORIGIN "Unknown package origin"
| /* end confdefs.h.  */
| 
| #include <stdio.h>
| #include <stdlib.h>
| 
| #include <check.h>
| 
| int
| main ()
| {
| 
|   ;
|   return 0;
| }
configure:16129: checking for check named check  - version >= 0.9.2
configure:16192: gcc -o conftest -g -O2    conftest.c  -lcheck  >&5
conftest.c:34:19: fatal error: check.h: No such file or directory
compilation terminated.
configure:16192: $? = 1
configure: program exited with status 1
configure: failed program was:
| /* confdefs.h */
| #define PACKAGE_NAME "Gst-RTSP"
| #define PACKAGE_TARNAME "gst-rtsp"
| #define PACKAGE_VERSION "0.10.8"
| #define PACKAGE_STRING "Gst-RTSP 0.10.8"
| #define PACKAGE_BUGREPORT "http://bugzilla.gnome.org/enter_bug.cgi?product=GStreamer"
| #define PACKAGE_URL ""
| #define PACKAGE "gst-rtsp"
| #define VERSION "0.10.8"
| #define STDC_HEADERS 1
| #define HAVE_SYS_TYPES_H 1
| #define HAVE_SYS_STAT_H 1
| #define HAVE_STDLIB_H 1
| #define HAVE_STRING_H 1
| #define HAVE_MEMORY_H 1
| #define HAVE_STRINGS_H 1
| #define HAVE_INTTYPES_H 1
| #define HAVE_STDINT_H 1
| #define HAVE_UNISTD_H 1
| #define HAVE_DLFCN_H 1
| #define LT_OBJDIR ".libs/"
| #define ENABLE_NLS 1
| #define HAVE_GETTEXT 1
| #define HAVE_DCGETTEXT 1
| #define GETTEXT_PACKAGE "gstreamer-0.10"
| #define LOCALEDIR "/usr/local/share/locale"
| #define GST_PACKAGE_NAME "Gst-RTSP source release"
| #define GST_PACKAGE_ORIGIN "Unknown package origin"
| /* end confdefs.h.  */
| 
| #include <stdio.h>
| #include <stdlib.h>
| 
| #include <check.h>
| 
| int main ()
| {
|   int major, minor, micro;
|   char *tmp_version;
| 
|   system ("touch conf.check-test");
| 
|   /* HP/UX 9 (%@#!) writes to sscanf strings */
|   tmp_version = strdup("0.9.2");
|   if (sscanf(tmp_version, "%d.%d.%d", &major, &minor, &micro) != 3) {
|      printf("%s, bad version string\n", "0.9.2");
|      return 1;
|    }
| 
|   if ((CHECK_MAJOR_VERSION != check_major_version) ||
|       (CHECK_MINOR_VERSION != check_minor_version) ||
|       (CHECK_MICRO_VERSION != check_micro_version))
|     {
|       printf("\n*** The check header file (version %d.%d.%d) does not match\n",
| 	     CHECK_MAJOR_VERSION, CHECK_MINOR_VERSION, CHECK_MICRO_VERSION);
|       printf("*** the check library (version %d.%d.%d).\n",
| 	     check_major_version, check_minor_version, check_micro_version);
|       return 1;
|     }
| 
|   if ((check_major_version > major) ||
|       ((check_major_version == major) && (check_minor_version > minor)) ||
|       ((check_major_version == major) && (check_minor_version == minor) && (check_micro_version >= micro)))
|     {
|       return 0;
|     }
|   else
|     {
|       printf("\n*** An old version of check (%d.%d.%d) was found.\n",
|              check_major_version, check_minor_version, check_micro_version);
|       printf("*** You need a version of check being at least %d.%d.%d.\n", major, minor, micro);
|       printf("***\n");
|       printf("*** If you have already installed a sufficiently new version, this error\n");
|       printf("*** probably means that the wrong copy of the check library and header\n");
|       printf("*** file is being found. Rerun configure with the --with-check=PATH option\n");
|       printf("*** to specify the prefix where the correct version was installed.\n");
|     }
| 
|   return 1;
| }
| 
configure:16210: result: no
configure:16234: gcc -o conftest -g -O2    conftest.c  -lcheck  >&5
conftest.c:34:19: fatal error: check.h: No such file or directory
compilation terminated.
configure:16234: $? = 1
configure: failed program was:
| /* confdefs.h */
| #define PACKAGE_NAME "Gst-RTSP"
| #define PACKAGE_TARNAME "gst-rtsp"
| #define PACKAGE_VERSION "0.10.8"
| #define PACKAGE_STRING "Gst-RTSP 0.10.8"
| #define PACKAGE_BUGREPORT "http://bugzilla.gnome.org/enter_bug.cgi?product=GStreamer"
| #define PACKAGE_URL ""
| #define PACKAGE "gst-rtsp"
| #define VERSION "0.10.8"
| #define STDC_HEADERS 1
| #define HAVE_SYS_TYPES_H 1
| #define HAVE_SYS_STAT_H 1
| #define HAVE_STDLIB_H 1
| #define HAVE_STRING_H 1
| #define HAVE_MEMORY_H 1
| #define HAVE_STRINGS_H 1
| #define HAVE_INTTYPES_H 1
| #define HAVE_STDINT_H 1
| #define HAVE_UNISTD_H 1
| #define HAVE_DLFCN_H 1
| #define LT_OBJDIR ".libs/"
| #define ENABLE_NLS 1
| #define HAVE_GETTEXT 1
| #define HAVE_DCGETTEXT 1
| #define GETTEXT_PACKAGE "gstreamer-0.10"
| #define LOCALEDIR "/usr/local/share/locale"
| #define GST_PACKAGE_NAME "Gst-RTSP source release"
| #define GST_PACKAGE_ORIGIN "Unknown package origin"
| /* end confdefs.h.  */
| 
| #include <stdio.h>
| #include <stdlib.h>
| 
| #include <check.h>
| 
| int
| main ()
| {
| 
|   ;
|   return 0;
| }
configure:16479: Using /usr/local/lib/gstreamer-0.10 as the plugin install location
configure:16494: checking to see if compiler understands -Wall
configure:16511: gcc -c -g -O2 -Wall  conftest.c >&5
configure:16511: $? = 0
configure:16526: result: yes
configure:16531: checking to see if compiler understands -Wdeclaration-after-statement
configure:16548: gcc -c -g -O2 -Wdeclaration-after-statement  conftest.c >&5
configure:16548: $? = 0
configure:16563: result: yes
configure:16568: checking to see if compiler understands -Wvla
configure:16585: gcc -c -g -O2 -Wvla  conftest.c >&5
configure:16585: $? = 0
configure:16600: result: yes
configure:16605: checking to see if compiler understands -Wpointer-arith
configure:16622: gcc -c -g -O2 -Wpointer-arith  conftest.c >&5
configure:16622: $? = 0
configure:16637: result: yes
configure:16865: set WARNING_CFLAGS to  -Wall -Wdeclaration-after-statement -Wvla -Wpointer-arith
configure:16867: set ERROR_CFLAGS to 
configure:16916: Using autoaudiosink as default audio sink
configure:16941: Using alsasrc as default audio source
configure:16966: Using autovideosink as default video sink
configure:16991: Using v4l2src as default video source
configure:17016: Using goom as default visualizer
configure:17236: creating ./config.status

## ---------------------- ##
## Running config.status. ##
## ---------------------- ##

This file was extended by Gst-RTSP config.status 0.10.8, which was
generated by GNU Autoconf 2.67.  Invocation command line was

  CONFIG_FILES    = 
  CONFIG_HEADERS  = 
  CONFIG_LINKS    = 
  CONFIG_COMMANDS = 
  $ ./config.status 

on raspberrypi

config.status:1253: creating Makefile
config.status:1253: creating gst-rtsp.spec
config.status:1253: creating common/Makefile
config.status:1253: creating common/m4/Makefile
config.status:1253: creating gst/Makefile
config.status:1253: creating gst/rtsp-server/Makefile
config.status:1253: creating examples/Makefile
config.status:1253: creating tests/Makefile
config.status:1253: creating bindings/Makefile
config.status:1253: creating bindings/python/Makefile
config.status:1253: creating bindings/python/codegen/Makefile
config.status:1253: creating bindings/vala/Makefile
config.status:1253: creating pkgconfig/Makefile
config.status:1253: creating pkgconfig/gst-rtsp-server.pc
config.status:1253: creating pkgconfig/gst-rtsp-server-uninstalled.pc
config.status:1253: creating docs/Makefile
config.status:1253: creating docs/version.entities
config.status:1253: creating docs/libs/Makefile
config.status:1253: creating config.h
config.status:1481: executing depfiles commands
config.status:1481: executing libtool commands
config.status:1481: executing po-directories commands

## ---------------- ##
## Cache variables. ##
## ---------------- ##

ac_cv_build=armv7l-unknown-linux-gnueabi
ac_cv_c_compiler_gnu=yes
ac_cv_env_CC_set=
ac_cv_env_CC_value=
ac_cv_env_CFLAGS_set=
ac_cv_env_CFLAGS_value=
ac_cv_env_CPPFLAGS_set=
ac_cv_env_CPPFLAGS_value=
ac_cv_env_CPP_set=
ac_cv_env_CPP_value=
ac_cv_env_GLIB_CFLAGS_set=
ac_cv_env_GLIB_CFLAGS_value=
ac_cv_env_GLIB_LIBS_set=
ac_cv_env_GLIB_LIBS_value=
ac_cv_env_GST_BASE_CFLAGS_set=
ac_cv_env_GST_BASE_CFLAGS_value=
ac_cv_env_GST_BASE_LIBS_set=
ac_cv_env_GST_BASE_LIBS_value=
ac_cv_env_GST_CFLAGS_set=
ac_cv_env_GST_CFLAGS_value=
ac_cv_env_GST_CHECK_CFLAGS_set=
ac_cv_env_GST_CHECK_CFLAGS_value=
ac_cv_env_GST_CHECK_LIBS_set=
ac_cv_env_GST_CHECK_LIBS_value=
ac_cv_env_GST_LIBS_set=
ac_cv_env_GST_LIBS_value=
ac_cv_env_GST_PLUGINS_BASE_CFLAGS_set=
ac_cv_env_GST_PLUGINS_BASE_CFLAGS_value=
ac_cv_env_GST_PLUGINS_BASE_LIBS_set=
ac_cv_env_GST_PLUGINS_BASE_LIBS_value=
ac_cv_env_LDFLAGS_set=
ac_cv_env_LDFLAGS_value=
ac_cv_env_LIBS_set=
ac_cv_env_LIBS_value=
ac_cv_env_PKG_CONFIG_set=
ac_cv_env_PKG_CONFIG_value=
ac_cv_env_PYGOBJECT_CFLAGS_set=
ac_cv_env_PYGOBJECT_CFLAGS_value=
ac_cv_env_PYGOBJECT_LIBS_set=
ac_cv_env_PYGOBJECT_LIBS_value=
ac_cv_env_PYGST_CFLAGS_set=
ac_cv_env_PYGST_CFLAGS_value=
ac_cv_env_PYGST_LIBS_set=
ac_cv_env_PYGST_LIBS_value=
ac_cv_env_VALGRIND_CFLAGS_set=
ac_cv_env_VALGRIND_CFLAGS_value=
ac_cv_env_VALGRIND_LIBS_set=
ac_cv_env_VALGRIND_LIBS_value=
ac_cv_env_build_alias_set=
ac_cv_env_build_alias_value=
ac_cv_env_host_alias_set=
ac_cv_env_host_alias_value=
ac_cv_env_target_alias_set=
ac_cv_env_target_alias_value=
ac_cv_header_dlfcn_h=yes
ac_cv_header_inttypes_h=yes
ac_cv_header_memory_h=yes
ac_cv_header_stdc=yes
ac_cv_header_stdint_h=yes
ac_cv_header_stdlib_h=yes
ac_cv_header_string_h=yes
ac_cv_header_strings_h=yes
ac_cv_header_sys_stat_h=yes
ac_cv_header_sys_types_h=yes
ac_cv_header_unistd_h=yes
ac_cv_host=armv7l-unknown-linux-gnueabi
ac_cv_objext=o
ac_cv_path_EGREP='/bin/grep -E'
ac_cv_path_FGREP='/bin/grep -F'
ac_cv_path_GMSGFMT=/usr/bin/msgfmt
ac_cv_path_GREP=/bin/grep
ac_cv_path_MSGFMT=/usr/bin/msgfmt
ac_cv_path_MSGMERGE=/usr/bin/msgmerge
ac_cv_path_PYTHON=/usr/bin/python
ac_cv_path_SED=/bin/sed
ac_cv_path_VALGRIND_PATH=no
ac_cv_path_XGETTEXT=/usr/bin/xgettext
ac_cv_path_ac_pt_PKG_CONFIG=/usr/bin/pkg-config
ac_cv_path_install='/usr/bin/install -c'
ac_cv_path_mkdir=/bin/mkdir
ac_cv_prog_AWK=mawk
ac_cv_prog_CPP='gcc -E'
ac_cv_prog_ac_ct_AR=ar
ac_cv_prog_ac_ct_CC=gcc
ac_cv_prog_ac_ct_OBJDUMP=objdump
ac_cv_prog_ac_ct_RANLIB=ranlib
ac_cv_prog_ac_ct_STRIP=strip
ac_cv_prog_cc_c89=
ac_cv_prog_cc_g=yes
ac_cv_prog_cc_gcc_c_o=yes
ac_cv_prog_make_make_set=yes
acl_cv_hardcode_direct=no
acl_cv_hardcode_libdir_flag_spec='${wl}-rpath ${wl}$libdir'
acl_cv_hardcode_libdir_separator=
acl_cv_hardcode_minus_L=no
acl_cv_libext=a
acl_cv_libname_spec='lib$name'
acl_cv_library_names_spec='$libname$shrext'
acl_cv_path_LD=/usr/bin/ld
acl_cv_prog_gnu_ld=yes
acl_cv_rpath=done
acl_cv_shlibext=so
acl_cv_wl=-Wl,
am_cv_CC_dependencies_compiler_type=gcc3
am_cv_python_platform=linux2
am_cv_python_pyexecdir='${exec_prefix}/lib/python2.7/dist-packages'
am_cv_python_pythondir='${prefix}/lib/python2.7/dist-packages'
am_cv_python_version=2.7
gt_cv_func_CFLocaleCopyCurrent=no
gt_cv_func_CFPreferencesCopyAppValue=no
gt_cv_func_gnugettext1_libc=yes
lt_cv_deplibs_check_method=pass_all
lt_cv_file_magic_cmd='$MAGIC_CMD'
lt_cv_file_magic_test_file=
lt_cv_ld_reload_flag=-r
lt_cv_nm_interface='BSD nm'
lt_cv_objdir=.libs
lt_cv_path_LD=/usr/bin/ld
lt_cv_path_NM='/usr/bin/nm -B'
lt_cv_prog_compiler_c_o=yes
lt_cv_prog_compiler_pic_works=yes
lt_cv_prog_compiler_rtti_exceptions=no
lt_cv_prog_compiler_static_works=yes
lt_cv_prog_gnu_ld=yes
lt_cv_sys_global_symbol_pipe='sed -n -e '\''s/^.*[	 ]\([ABCDGIRSTW][ABCDGIRSTW]*\)[	 ][	 ]*\([_A-Za-z][_A-Za-z0-9]*\)$/\1 \2 \2/p'\'''
lt_cv_sys_global_symbol_to_c_name_address='sed -n -e '\''s/^: \([^ ]*\) $/  {\"\1\", (void *) 0},/p'\'' -e '\''s/^[ABCDGIRSTW]* \([^ ]*\) \([^ ]*\)$/  {"\2", (void *) \&\2},/p'\'''
lt_cv_sys_global_symbol_to_c_name_address_lib_prefix='sed -n -e '\''s/^: \([^ ]*\) $/  {\"\1\", (void *) 0},/p'\'' -e '\''s/^[ABCDGIRSTW]* \([^ ]*\) \(lib[^ ]*\)$/  {"\2", (void *) \&\2},/p'\'' -e '\''s/^[ABCDGIRSTW]* \([^ ]*\) \([^ ]*\)$/  {"lib\2", (void *) \&\2},/p'\'''
lt_cv_sys_global_symbol_to_cdecl='sed -n -e '\''s/^T .* \(.*\)$/extern int \1();/p'\'' -e '\''s/^[ABCDGIRSTW]* .* \(.*\)$/extern char \1;/p'\'''
lt_cv_sys_max_cmd_len=1572864
pkg_cv_GLIB_CFLAGS='-pthread -I/usr/include/glib-2.0 -I/usr/lib/arm-linux-gnueabihf/glib-2.0/include  '
pkg_cv_GLIB_LIBS='-pthread -lgobject-2.0 -lgthread-2.0 -lgmodule-2.0 -lrt -lglib-2.0  '
pkg_cv_GST_BASE_CFLAGS='-pthread -I/usr/include/gstreamer-0.10 -I/usr/include/glib-2.0 -I/usr/lib/arm-linux-gnueabihf/glib-2.0/include -I/usr/include/libxml2  '
pkg_cv_GST_BASE_LIBS='-pthread -lgstbase-0.10 -lgstreamer-0.10 -lgobject-2.0 -lgmodule-2.0 -lgthread-2.0 -lrt -lxml2 -lglib-2.0  '
pkg_cv_GST_CFLAGS='-pthread -I/usr/include/gstreamer-0.10 -I/usr/include/glib-2.0 -I/usr/lib/arm-linux-gnueabihf/glib-2.0/include -I/usr/include/libxml2  '
pkg_cv_GST_CHECK_CFLAGS='-pthread -I/usr/include/gstreamer-0.10 -I/usr/include/glib-2.0 -I/usr/lib/arm-linux-gnueabihf/glib-2.0/include -I/usr/include/libxml2  '
pkg_cv_GST_CHECK_LIBS='-pthread -lgstcheck-0.10 -lm -lgstreamer-0.10 -lgobject-2.0 -lgmodule-2.0 -lgthread-2.0 -lrt -lxml2 -lglib-2.0  '
pkg_cv_GST_LIBS='-pthread -lgstreamer-0.10 -lgobject-2.0 -lgmodule-2.0 -lgthread-2.0 -lrt -lxml2 -lglib-2.0  '
pkg_cv_GST_PLUGINS_BASE_CFLAGS='-pthread -I/usr/include/gstreamer-0.10 -I/usr/include/glib-2.0 -I/usr/lib/arm-linux-gnueabihf/glib-2.0/include -I/usr/include/libxml2  '
pkg_cv_GST_PLUGINS_BASE_LIBS='-pthread -lgstreamer-0.10 -lgobject-2.0 -lgmodule-2.0 -lgthread-2.0 -lrt -lxml2 -lglib-2.0  '

## ----------------- ##
## Output variables. ##
## ----------------- ##

ACLOCAL='${SHELL} /home/pi/camera/gst-rtsp-0.10.8/missing --run aclocal-1.11'
ACLOCAL_AMFLAGS='-I m4 -I common/m4'
AMDEPBACKSLASH='\'
AMDEP_FALSE='#'
AMDEP_TRUE=''
AMTAR='${SHELL} /home/pi/camera/gst-rtsp-0.10.8/missing --run tar'
AM_BACKSLASH='\'
AM_DEFAULT_VERBOSITY='0'
AR='ar'
AUTOCONF='${SHELL} /home/pi/camera/gst-rtsp-0.10.8/missing --run autoconf'
AUTOHEADER='${SHELL} /home/pi/camera/gst-rtsp-0.10.8/missing --run autoheader'
AUTOMAKE='${SHELL} /home/pi/camera/gst-rtsp-0.10.8/missing --run automake-1.11'
AWK='mawk'
CAT_ENTRY_END=''
CAT_ENTRY_START=''
CC='gcc'
CCASFLAGS=''
CCDEPMODE='depmode=gcc3'
CFLAGS='-g -O2'
CHECK_CFLAGS=''
CHECK_LIBS=''
CPP='gcc -E'
CPPFLAGS=''
CXXFLAGS=''
CYGPATH_W='echo'
DEFAULT_AUDIOSINK='autoaudiosink'
DEFAULT_AUDIOSRC='alsasrc'
DEFAULT_VIDEOSINK='autovideosink'
DEFAULT_VIDEOSRC='v4l2src'
DEFAULT_VISUALIZER='goom'
DEFS='-DHAVE_CONFIG_H'
DEPDIR='.deps'
DEPRECATED_CFLAGS='-DGST_DISABLE_DEPRECATED'
DOCBOOK_ROOT=''
DOC_HTML_FALSE=''
DOC_HTML_TRUE='#'
DOC_PDF_FALSE=''
DOC_PDF_TRUE='#'
DOC_PS_FALSE=''
DOC_PS_TRUE='#'
DSYMUTIL=''
DUMPBIN=''
ECHO_C=''
ECHO_N='-n'
ECHO_T=''
EGREP='/bin/grep -E'
ENABLE_DOCBOOK_FALSE=''
ENABLE_DOCBOOK_TRUE='#'
ENABLE_GTK_DOC_FALSE=''
ENABLE_GTK_DOC_TRUE='#'
ERROR_CFLAGS=''
EXEEXT=''
FFLAGS=''
FGREP='/bin/grep -F'
GCOV=''
GCOV_CFLAGS=''
GCOV_LIBS=''
GETTEXT_MACRO_VERSION='0.17'
GETTEXT_PACKAGE='gstreamer-0.10'
GLIB_CFLAGS='-pthread -I/usr/include/glib-2.0 -I/usr/lib/arm-linux-gnueabihf/glib-2.0/include'
GLIB_LIBS='-pthread -lgobject-2.0 -lgthread-2.0 -lgmodule-2.0 -lrt -lglib-2.0  '
GLIB_REQ='2.10.0'
GMSGFMT='/usr/bin/msgfmt'
GMSGFMT_015='/usr/bin/msgfmt'
GREP='/bin/grep'
GSTPB_PLUGINS_DIR='/usr/lib/arm-linux-gnueabihf/gstreamer-0.10'
GST_ALL_CFLAGS='-I$(top_srcdir) -I$(top_builddir) -pthread -I/usr/include/gstreamer-0.10 -I/usr/include/glib-2.0 -I/usr/lib/arm-linux-gnueabihf/glib-2.0/include -I/usr/include/libxml2   $(GST_OPTION_CFLAGS) $(GST_OPTION_CFLAGS)'
GST_ALL_LDFLAGS='-no-undefined'
GST_ALL_LIBS='-pthread -lgstreamer-0.10 -lgobject-2.0 -lgmodule-2.0 -lgthread-2.0 -lrt -lxml2 -lglib-2.0    $(GCOV_LIBS)'
GST_BASE_CFLAGS='-pthread -I/usr/include/gstreamer-0.10 -I/usr/include/glib-2.0 -I/usr/lib/arm-linux-gnueabihf/glib-2.0/include -I/usr/include/libxml2  '
GST_BASE_LIBS='-pthread -lgstbase-0.10 -lgstreamer-0.10 -lgobject-2.0 -lgmodule-2.0 -lgthread-2.0 -lrt -lxml2 -lglib-2.0  '
GST_CFLAGS='-pthread -I/usr/include/gstreamer-0.10 -I/usr/include/glib-2.0 -I/usr/lib/arm-linux-gnueabihf/glib-2.0/include -I/usr/include/libxml2   $(GST_OPTION_CFLAGS)'
GST_CHECK_CFLAGS='-pthread -I/usr/include/gstreamer-0.10 -I/usr/include/glib-2.0 -I/usr/lib/arm-linux-gnueabihf/glib-2.0/include -I/usr/include/libxml2  '
GST_CHECK_LIBS='-pthread -lgstcheck-0.10 -lm -lgstreamer-0.10 -lgobject-2.0 -lgmodule-2.0 -lgthread-2.0 -lrt -lxml2 -lglib-2.0  '
GST_GCOV_ENABLED_FALSE=''
GST_GCOV_ENABLED_TRUE='#'
GST_LEVEL_DEFAULT='GST_LEVEL_NONE'
GST_LIBS='-pthread -lgstreamer-0.10 -lgobject-2.0 -lgmodule-2.0 -lgthread-2.0 -lrt -lxml2 -lglib-2.0  '
GST_LICENSE='LGPL'
GST_MAJORMINOR='0.10'
GST_OBJ_CFLAGS='$(GST_ALL_CFLAGS)'
GST_OBJ_LIBS='$(top_builddir)/gst-phonon/libgstphonon.la $(GST_ALL_LIBS)'
GST_OPTION_CFLAGS='$(ERROR_CFLAGS) $(DEBUG_CFLAGS) $(PROFILE_CFLAGS) $(GCOV_CFLAGS) $(OPT_CFLAGS) $(DEPRECATED_CFLAGS)'
GST_PACKAGE_NAME='Gst-RTSP source release'
GST_PACKAGE_ORIGIN='Unknown package origin'
GST_PKG_CONFIG_PATH='$(top_builddir)/pkgconfig'
GST_PLUGINS_BASE_CFLAGS='-pthread -I/usr/include/gstreamer-0.10 -I/usr/include/glib-2.0 -I/usr/lib/arm-linux-gnueabihf/glib-2.0/include -I/usr/include/libxml2  '
GST_PLUGINS_BASE_DIR='/usr/lib/arm-linux-gnueabihf/gstreamer-0.10/gst:/usr/lib/arm-linux-gnueabihf/gstreamer-0.10/sys:/usr/lib/arm-linux-gnueabihf/gstreamer-0.10/ext'
GST_PLUGINS_BASE_LIBS='-pthread -lgstreamer-0.10 -lgobject-2.0 -lgmodule-2.0 -lgthread-2.0 -lrt -lxml2 -lglib-2.0  '
GST_PLUGINS_DIR='/usr/lib/arm-linux-gnueabihf/gstreamer-0.10'
GST_TOOLS_DIR='/usr/bin'
GTKDOC_CHECK=''
GTK_DOC_USE_LIBTOOL_FALSE='#'
GTK_DOC_USE_LIBTOOL_TRUE=''
HAVE_CHECK_FALSE=''
HAVE_CHECK_TRUE='#'
HAVE_DOCBOOK2HTML=''
HAVE_DOCBOOK2PS=''
HAVE_DVIPS=''
HAVE_EPSTOPDF=''
HAVE_FIG2DEV=''
HAVE_INTROSPECTION_FALSE=''
HAVE_INTROSPECTION_TRUE='#'
HAVE_JADETEX=''
HAVE_PNGTOPNM=''
HAVE_PNMTOPS=''
HAVE_PS2PDF=''
HAVE_VALGRIND_FALSE=''
HAVE_VALGRIND_TRUE='#'
HAVE_XMLLINT=''
HTML_DIR='${datadir}/gtk-doc/html'
INSTALL_DATA='${INSTALL} -m 644'
INSTALL_PROGRAM='${INSTALL}'
INSTALL_SCRIPT='${INSTALL}'
INSTALL_STRIP_PROGRAM='$(install_sh) -c -s'
INTLLIBS=''
INTL_MACOSX_LIBS=''
INTROSPECTION_COMPILER=''
INTROSPECTION_GENERATE=''
INTROSPECTION_GIRDIR=''
INTROSPECTION_SCANNER=''
INTROSPECTION_TYPELIBDIR=''
LD='/usr/bin/ld'
LDFLAGS=''
LIBICONV='-liconv'
LIBINTL=''
LIBOBJS=''
LIBS=''
LIBTOOL='$(SHELL) $(top_builddir)/libtool'
LIPO=''
LN_S='ln -s'
LOCALEDIR='/usr/local/share/locale'
LTLIBICONV='-liconv'
LTLIBINTL=''
LTLIBOBJS=''
MAINT='#'
MAINTAINER_MODE_FALSE=''
MAINTAINER_MODE_TRUE='#'
MAKEINFO='${SHELL} /home/pi/camera/gst-rtsp-0.10.8/missing --run makeinfo'
MKDIR_P='/bin/mkdir -p'
MSGFMT='/usr/bin/msgfmt'
MSGFMT_015='/usr/bin/msgfmt'
MSGMERGE='/usr/bin/msgmerge'
NM='/usr/bin/nm -B'
NMEDIT=''
OBJDUMP='objdump'
OBJEXT='o'
OTOOL64=''
OTOOL=''
PACKAGE='gst-rtsp'
PACKAGE_BUGREPORT='http://bugzilla.gnome.org/enter_bug.cgi?product=GStreamer'
PACKAGE_NAME='Gst-RTSP'
PACKAGE_STRING='Gst-RTSP 0.10.8'
PACKAGE_TARNAME='gst-rtsp'
PACKAGE_URL=''
PACKAGE_VERSION='0.10.8'
PACKAGE_VERSION_MAJOR='0'
PACKAGE_VERSION_MICRO='8'
PACKAGE_VERSION_MINOR='10'
PACKAGE_VERSION_NANO='0'
PACKAGE_VERSION_RELEASE='1'
PATH_SEPARATOR=':'
PKG_CONFIG='/usr/bin/pkg-config'
PLUGINDIR='/usr/local/lib/gstreamer-0.10'
POSUB='po'
PROFILE_CFLAGS='-g'
PYGOBJECT_CFLAGS=''
PYGOBJECT_LIBS=''
PYGOBJECT_REQ='2.11.2'
PYGST_CFLAGS=''
PYGST_DEFSDIR=''
PYGST_LIBS=''
PYTHON='/usr/bin/python'
PYTHON_EXEC_PREFIX='${exec_prefix}'
PYTHON_INCLUDES='-I/usr/include/python2.7'
PYTHON_PLATFORM='linux2'
PYTHON_PREFIX='${prefix}'
PYTHON_VERSION='2.7'
RANLIB='ranlib'
SED='/bin/sed'
SET_MAKE=''
SHELL='/bin/bash'
STRIP='strip'
USE_NLS='yes'
VALGRIND_CFLAGS=''
VALGRIND_LIBS=''
VALGRIND_PATH='no'
VERSION='0.10.8'
WARNING_CFLAGS=' -Wall -Wdeclaration-after-statement -Wvla -Wpointer-arith'
WITH_PYTHON_FALSE=''
WITH_PYTHON_TRUE='#'
WITH_VALA_FALSE='#'
WITH_VALA_TRUE=''
XGETTEXT='/usr/bin/xgettext'
XGETTEXT_015='/usr/bin/xgettext'
XGETTEXT_EXTRA_OPTIONS=''
XML_CATALOG=''
XSLTPROC=''
XSLTPROC_FLAGS=''
ac_ct_CC='gcc'
ac_ct_DUMPBIN=''
am__EXEEXT_FALSE=''
am__EXEEXT_TRUE='#'
am__fastdepCC_FALSE='#'
am__fastdepCC_TRUE=''
am__include='include'
am__isrc=''
am__leading_dot='.'
am__quote=''
am__tar='${AMTAR} chof - "$$tardir"'
am__untar='${AMTAR} xf -'
bindir='${exec_prefix}/bin'
build='armv7l-unknown-linux-gnueabi'
build_alias=''
build_cpu='armv7l'
build_os='linux-gnueabi'
build_vendor='unknown'
datadir='${datarootdir}'
datarootdir='${prefix}/share'
docdir='$(datadir)/doc/gst-rtsp-0.10'
dvidir='${docdir}'
exec_prefix='${prefix}'
host='armv7l-unknown-linux-gnueabi'
host_alias=''
host_cpu='armv7l'
host_os='linux-gnueabi'
host_vendor='unknown'
htmldir='${docdir}'
includedir='${prefix}/include'
infodir='${datarootdir}/info'
install_sh='${SHELL} /home/pi/camera/gst-rtsp-0.10.8/install-sh'
libdir='${exec_prefix}/lib'
libexecdir='${exec_prefix}/libexec'
localedir='${datarootdir}/locale'
localstatedir='${prefix}/var'
lt_ECHO='echo'
mandir='${datarootdir}/man'
mkdir_p='/bin/mkdir -p'
oldincludedir='/usr/include'
pdfdir='${docdir}'
pkgpyexecdir='${pyexecdir}/gst-rtsp'
pkgpythondir='${pythondir}/gst-rtsp'
plugindir='$(libdir)/gstreamer-0.10'
prefix='/usr/local'
program_transform_name='s,x,x,'
psdir='${docdir}'
pyexecdir='${exec_prefix}/lib/python2.7/dist-packages'
pythondir='${prefix}/lib/python2.7/dist-packages'
sbindir='${exec_prefix}/sbin'
sharedstatedir='${prefix}/com'
sysconfdir='${prefix}/etc'
target_alias=''

## ----------- ##
## confdefs.h. ##
## ----------- ##

/* confdefs.h */
#define PACKAGE_NAME "Gst-RTSP"
#define PACKAGE_TARNAME "gst-rtsp"
#define PACKAGE_VERSION "0.10.8"
#define PACKAGE_STRING "Gst-RTSP 0.10.8"
#define PACKAGE_BUGREPORT "http://bugzilla.gnome.org/enter_bug.cgi?product=GStreamer"
#define PACKAGE_URL ""
#define PACKAGE "gst-rtsp"
#define VERSION "0.10.8"
#define STDC_HEADERS 1
#define HAVE_SYS_TYPES_H 1
#define HAVE_SYS_STAT_H 1
#define HAVE_STDLIB_H 1
#define HAVE_STRING_H 1
#define HAVE_MEMORY_H 1
#define HAVE_STRINGS_H 1
#define HAVE_INTTYPES_H 1
#define HAVE_STDINT_H 1
#define HAVE_UNISTD_H 1
#define HAVE_DLFCN_H 1
#define LT_OBJDIR ".libs/"
#define ENABLE_NLS 1
#define HAVE_GETTEXT 1
#define HAVE_DCGETTEXT 1
#define GETTEXT_PACKAGE "gstreamer-0.10"
#define LOCALEDIR "/usr/local/share/locale"
#define GST_PACKAGE_NAME "Gst-RTSP source release"
#define GST_PACKAGE_ORIGIN "Unknown package origin"
#define GST_LICENSE "LGPL"
#define PLUGINDIR "/usr/local/lib/gstreamer-0.10"
#define GST_LEVEL_DEFAULT GST_LEVEL_NONE
#define DEFAULT_AUDIOSINK "autoaudiosink"
#define DEFAULT_AUDIOSRC "alsasrc"
#define DEFAULT_VIDEOSINK "autovideosink"
#define DEFAULT_VIDEOSRC "v4l2src"
#define DEFAULT_VISUALIZER "goom"

configure: exit 0
